<?xml version="1.0" encoding="UTF-8"?>
<!-- Generated by org.testng.reporters.JUnitReportReporter -->
<testsuite hostname="LAPTOP-HVSP6FHG" failures="0" tests="2" name="Com.OrangeHRM.TestCases.HomePageTest" time="52.177" errors="0" timestamp="2022-10-14T08:46:52 IST" skipped="0">
  <testcase classname="Com.OrangeHRM.TestCases.HomePageTest" name="addemploye1" time="34.854"/>
  <system-out/>
  <testcase classname="Com.OrangeHRM.TestCases.HomePageTest" name="Employename" time="17.323"/>
  <system-out/>
</testsuite> <!-- Com.OrangeHRM.TestCases.HomePageTest -->
